<?xml version="1.0" encoding="UTF-8"?>
<!-- Generated by org.testng.reporters.JUnitReportReporter -->
<testsuite skipped="0" hostname="DESKTOP-OCIILT7" name="ExtractingMultipleElements" tests="1" failures="0" timestamp="09 May 2018 02:07:36 GMT" time="21.046" errors="0">
  <testcase name="getlinksFromSpecifiArea" time="21.046" classname="ExtractingMultipleElements"/>
</testsuite> <!-- ExtractingMultipleElements -->
