<?xml version="1.0" encoding="UTF-8"?>
<!-- Generated by org.testng.reporters.JUnitReportReporter -->
<testsuite skipped="0" hostname="DESKTOP-OCIILT7" name="GetElementAttribute" tests="1" failures="0" timestamp="09 May 2018 02:33:24 GMT" time="13.989" errors="0">
  <testcase name="getlinksFromSpecifiArea" time="13.989" classname="GetElementAttribute"/>
</testsuite> <!-- GetElementAttribute -->
