<?xml version="1.0" encoding="UTF-8"?>
<!-- Generated by org.testng.reporters.JUnitReportReporter -->
<testsuite skipped="0" hostname="DESKTOP-OCIILT7" name="SelectBootstrapdropdown" tests="1" failures="0" timestamp="09 May 2018 02:15:38 GMT" time="23.824" errors="0">
  <testcase name="dropDownLookLike" time="23.824" classname="SelectBootstrapdropdown"/>
</testsuite> <!-- SelectBootstrapdropdown -->
