<?xml version="1.0" encoding="UTF-8"?>
<!-- Generated by org.testng.reporters.JUnitReportReporter -->
<testsuite skipped="0" hostname="DESKTOP-OCIILT7" name="Checkbox_RadioOthers" tests="1" failures="0" timestamp="09 May 2018 01:47:16 GMT" time="14.914" errors="0">
  <testcase name="OtherControls" time="14.914" classname="Checkbox_RadioOthers"/>
</testsuite> <!-- Checkbox_RadioOthers -->
