<?xml version="1.0" encoding="UTF-8"?>
<!-- Generated by org.testng.reporters.JUnitReportReporter -->
<testsuite skipped="0" hostname="DESKTOP-OCIILT7" name="GetMethods" tests="1" failures="0" timestamp="09 May 2018 02:24:43 GMT" time="19.230" errors="0">
  <testcase name="getlinksFromSpecifiArea" time="19.230" classname="GetMethods"/>
</testsuite> <!-- GetMethods -->
